11:07:40.170 INFO [GridLauncherV3.parse] - Selenium server version: 3.141.59, revision: e82be7d358
11:07:40.234 INFO [GridLauncherV3.lambda$buildLaunchers$3] - Launching a standalone Selenium Server on port 4444
2021-02-25 11:07:40.300:INFO::main: Logging initialized @404ms to org.seleniumhq.jetty9.util.log.StdErrLog
11:07:40.526 INFO [WebDriverServlet.<init>] - Initialising WebDriverServlet
11:07:40.616 INFO [SeleniumServer.boot] - Selenium Server is up and running on port 4444
11:07:40.876 INFO [ActiveSessionFactory.apply] - Capabilities are: {
  "browserName": "chrome",
  "chromeOptions": {
    "w3c": false
  },
  "name": "Example Test"
}
11:07:40.877 INFO [ActiveSessionFactory.lambda$apply$11] - Matched factory org.openqa.selenium.grid.session.remote.ServicedSession$Factory (provider: org.openqa.selenium.chrome.ChromeDriverService)
Starting ChromeDriver 88.0.4324.96 (68dba2d8a0b149a1d3afac56fa74648032bcf46b-refs/branch-heads/4324@{#1784}) on port 23735
Only local connections are allowed.
Please see https://chromedriver.chromium.org/security-considerations for suggestions on keeping ChromeDriver safe.
ChromeDriver was started successfully.
11:07:42.739 INFO [ProtocolHandshake.createSession] - Detected dialect: OSS
11:07:43.051 INFO [RemoteSession$Factory.lambda$performHandshake$0] - Started new session 3be3087717db27d5f3b44d73d975f57b (org.openqa.selenium.chrome.ChromeDriverService)
11:07:45.997 INFO [ActiveSessions$1.onStop] - Removing session 3be3087717db27d5f3b44d73d975f57b (org.openqa.selenium.chrome.ChromeDriverService)
